2025-04-19 00:19:17 INFO  TC001_AcountRegistrationTest:15 - ******* Starting TC001_AcountRegistrationTest ******* 
2025-04-19 00:19:17 INFO  TC001_AcountRegistrationTest:20 - Clicked on My Account Link ..
2025-04-19 00:19:18 INFO  TC001_AcountRegistrationTest:22 - Clicked on My Register Link ..
2025-04-19 00:19:18 INFO  TC001_AcountRegistrationTest:26 - Providing Customer Details .........
2025-04-19 00:19:18 INFO  TC001_AcountRegistrationTest:40 - Validating  expected message..
2025-04-19 00:19:19 INFO  TC001_AcountRegistrationTest:56 - ******* Finished TC001_AcountRegistrationTest ******* 
2025-04-19 00:19:24 INFO  TC002_LoginTest:16 - ******** Starting TC002_Login Test*************
2025-04-19 00:19:25 INFO  TC002_LoginTest:40 - ******** Finished TC002_Login Test*************
2025-04-19 00:22:34 INFO  TC001_AcountRegistrationTest:15 - ******* Starting TC001_AcountRegistrationTest ******* 
2025-04-19 00:22:34 INFO  TC001_AcountRegistrationTest:20 - Clicked on My Account Link ..
2025-04-19 00:22:34 INFO  TC001_AcountRegistrationTest:22 - Clicked on My Register Link ..
2025-04-19 00:22:34 INFO  TC001_AcountRegistrationTest:26 - Providing Customer Details .........
2025-04-19 00:22:35 INFO  TC001_AcountRegistrationTest:40 - Validating  expected message..
2025-04-19 00:22:35 INFO  TC001_AcountRegistrationTest:56 - ******* Finished TC001_AcountRegistrationTest ******* 
2025-04-19 00:22:40 INFO  TC002_LoginTest:16 - ******** Starting TC002_Login Test*************
2025-04-19 00:33:08 INFO  TC001_AcountRegistrationTest:15 - ******* Starting TC001_AcountRegistrationTest ******* 
2025-04-19 00:33:08 INFO  TC001_AcountRegistrationTest:20 - Clicked on My Account Link ..
2025-04-19 00:33:09 INFO  TC001_AcountRegistrationTest:22 - Clicked on My Register Link ..
2025-04-19 00:33:09 INFO  TC001_AcountRegistrationTest:26 - Providing Customer Details .........
2025-04-19 00:33:10 INFO  TC001_AcountRegistrationTest:40 - Validating  expected message..
2025-04-19 00:33:10 INFO  TC001_AcountRegistrationTest:56 - ******* Finished TC001_AcountRegistrationTest ******* 
2025-04-19 00:33:15 INFO  TC002_LoginTest:16 - ******** Starting TC002_Login Test*************
2025-04-19 00:34:47 INFO  TC001_AcountRegistrationTest:15 - ******* Starting TC001_AcountRegistrationTest ******* 
2025-04-19 00:34:48 INFO  TC001_AcountRegistrationTest:20 - Clicked on My Account Link ..
2025-04-19 00:34:48 INFO  TC001_AcountRegistrationTest:22 - Clicked on My Register Link ..
2025-04-19 00:34:48 INFO  TC001_AcountRegistrationTest:26 - Providing Customer Details .........
2025-04-19 00:34:49 INFO  TC001_AcountRegistrationTest:40 - Validating  expected message..
2025-04-19 00:34:49 INFO  TC001_AcountRegistrationTest:56 - ******* Finished TC001_AcountRegistrationTest ******* 
2025-04-19 00:34:54 INFO  TC002_LoginTest:16 - ******** Starting TC002_Login Test*************
2025-04-19 00:34:55 INFO  TC002_LoginTest:40 - ******** Finished TC002_Login Test*************
2025-04-19 00:35:18 INFO  TC002_LoginTest:16 - ******** Starting TC002_Login Test*************
2025-04-19 00:35:19 INFO  TC002_LoginTest:40 - ******** Finished TC002_Login Test*************
2025-04-19 00:40:27 INFO  TC001_AcountRegistrationTest:15 - ******* Starting TC001_AcountRegistrationTest ******* 
2025-04-19 00:40:27 INFO  TC001_AcountRegistrationTest:20 - Clicked on My Account Link ..
2025-04-19 00:40:27 INFO  TC001_AcountRegistrationTest:22 - Clicked on My Register Link ..
2025-04-19 00:40:27 INFO  TC001_AcountRegistrationTest:26 - Providing Customer Details .........
2025-04-19 00:40:28 INFO  TC001_AcountRegistrationTest:40 - Validating  expected message..
2025-04-19 00:40:28 ERROR TC001_AcountRegistrationTest:47 - Test Failed..
2025-04-19 00:40:33 INFO  TC002_LoginTest:16 - ******** Starting TC002_Login Test*************
2025-04-19 00:40:34 INFO  TC002_LoginTest:40 - ******** Finished TC002_Login Test*************
2025-04-19 00:42:48 INFO  TC001_AcountRegistrationTest:15 - ******* Starting TC001_AcountRegistrationTest ******* 
2025-04-19 00:42:48 INFO  TC001_AcountRegistrationTest:20 - Clicked on My Account Link ..
2025-04-19 00:42:48 INFO  TC001_AcountRegistrationTest:22 - Clicked on My Register Link ..
2025-04-19 00:42:48 INFO  TC001_AcountRegistrationTest:26 - Providing Customer Details .........
2025-04-19 00:42:49 INFO  TC001_AcountRegistrationTest:40 - Validating  expected message..
2025-04-19 00:42:49 ERROR TC001_AcountRegistrationTest:47 - Test Failed..
2025-04-19 00:42:54 INFO  TC002_LoginTest:16 - ******** Starting TC002_Login Test*************
2025-04-19 00:44:31 INFO  TC001_AcountRegistrationTest:15 - ******* Starting TC001_AcountRegistrationTest ******* 
2025-04-19 00:44:31 INFO  TC001_AcountRegistrationTest:20 - Clicked on My Account Link ..
2025-04-19 00:44:31 INFO  TC001_AcountRegistrationTest:22 - Clicked on My Register Link ..
2025-04-19 00:44:31 INFO  TC001_AcountRegistrationTest:26 - Providing Customer Details .........
2025-04-19 00:44:33 INFO  TC001_AcountRegistrationTest:40 - Validating  expected message..
2025-04-19 00:44:33 INFO  TC001_AcountRegistrationTest:56 - ******* Finished TC001_AcountRegistrationTest ******* 
2025-04-19 00:44:37 INFO  TC002_LoginTest:16 - ******** Starting TC002_Login Test*************
2025-04-19 00:44:38 INFO  TC002_LoginTest:40 - ******** Finished TC002_Login Test*************
2025-04-19 14:36:56 INFO  TC001_AcountRegistrationTest:15 - ******* Starting TC001_AcountRegistrationTest ******* 
2025-04-19 14:36:56 INFO  TC001_AcountRegistrationTest:20 - Clicked on My Account Link ..
2025-04-19 14:36:56 INFO  TC001_AcountRegistrationTest:22 - Clicked on My Register Link ..
2025-04-19 14:36:56 INFO  TC001_AcountRegistrationTest:26 - Providing Customer Details .........
2025-04-19 14:36:58 INFO  TC001_AcountRegistrationTest:40 - Validating  expected message..
2025-04-19 14:37:08 ERROR TC001_AcountRegistrationTest:47 - Test Failed..
2025-04-19 14:37:13 INFO  TC002_LoginTest:16 - ******** Starting TC002_Login Test*************
2025-04-19 14:37:15 INFO  TC002_LoginTest:40 - ******** Finished TC002_Login Test*************
2025-04-19 14:37:53 INFO  TC001_AcountRegistrationTest:15 - ******* Starting TC001_AcountRegistrationTest ******* 
2025-04-19 14:37:53 INFO  TC001_AcountRegistrationTest:20 - Clicked on My Account Link ..
2025-04-19 14:37:53 INFO  TC001_AcountRegistrationTest:22 - Clicked on My Register Link ..
2025-04-19 14:37:53 INFO  TC001_AcountRegistrationTest:26 - Providing Customer Details .........
2025-04-19 14:37:55 INFO  TC001_AcountRegistrationTest:40 - Validating  expected message..
2025-04-19 14:37:55 INFO  TC001_AcountRegistrationTest:56 - ******* Finished TC001_AcountRegistrationTest ******* 
2025-04-19 14:38:01 INFO  TC002_LoginTest:16 - ******** Starting TC002_Login Test*************
2025-04-19 14:38:03 INFO  TC002_LoginTest:40 - ******** Finished TC002_Login Test*************
2025-04-19 15:35:25 INFO  TC001_AcountRegistrationTest:15 - ******* Starting TC001_AcountRegistrationTest ******* 
2025-04-19 15:35:25 INFO  TC001_AcountRegistrationTest:20 - Clicked on My Account Link ..
2025-04-19 15:35:26 INFO  TC001_AcountRegistrationTest:22 - Clicked on My Register Link ..
2025-04-19 15:35:26 INFO  TC001_AcountRegistrationTest:26 - Providing Customer Details .........
2025-04-19 15:35:27 INFO  TC001_AcountRegistrationTest:40 - Validating  expected message..
2025-04-19 15:35:27 INFO  TC001_AcountRegistrationTest:56 - ******* Finished TC001_AcountRegistrationTest ******* 
2025-04-19 15:35:32 INFO  TC002_LoginTest:16 - ******** Starting TC002_Login Test*************
2025-04-19 15:35:33 INFO  TC002_LoginTest:40 - ******** Finished TC002_Login Test*************
2025-04-19 15:47:47 INFO  TC001_AcountRegistrationTest:15 - ******* Starting TC001_AcountRegistrationTest ******* 
2025-04-19 15:47:47 INFO  TC001_AcountRegistrationTest:20 - Clicked on My Account Link ..
2025-04-19 15:47:47 INFO  TC001_AcountRegistrationTest:22 - Clicked on My Register Link ..
2025-04-19 15:47:47 INFO  TC001_AcountRegistrationTest:26 - Providing Customer Details .........
2025-04-19 15:47:48 INFO  TC001_AcountRegistrationTest:40 - Validating  expected message..
2025-04-19 15:47:48 INFO  TC001_AcountRegistrationTest:56 - ******* Finished TC001_AcountRegistrationTest ******* 
2025-04-19 15:47:53 INFO  TC002_LoginTest:16 - ******** Starting TC002_Login Test*************
2025-04-19 15:47:54 INFO  TC002_LoginTest:40 - ******** Finished TC002_Login Test*************
